
> @figma/my-make-file@0.0.1 dev
> vite --host 127.0.0.1 --port 7007


  [32m[1mVITE[22m v6.4.1[39m  [2mready in [0m[1m704[22m[2m[0m ms[22m

  [32m➜[39m  [1mLocal[22m:   [36mhttp://127.0.0.1:[1m7007[22m/[39m
[2m10:31:07 am[22m [36m[1m[vite][22m[39m [90m[2m(client)[22m[39m [32mhmr update [39m[2m/src/app/pages/Home.tsx, /src/styles/index.css[22m
[2m10:31:17 am[22m [36m[1m[vite][22m[39m [90m[2m(client)[22m[39m [32mhmr update [39m[2m/src/app/components/Layout.tsx, /src/styles/index.css[22m
[2m10:36:36 am[22m [36m[1m[vite][22m[39m [90m[2m(client)[22m[39m [32mhmr update [39m[2m/src/app/components/Layout.tsx, /src/styles/index.css[22m
[2m10:36:41 am[22m [36m[1m[vite][22m[39m [90m[2m(client)[22m[39m [32mhmr update [39m[2m/src/app/pages/Home.tsx, /src/styles/index.css[22m
[2m10:39:15 am[22m [36m[1m[vite][22m[39m [90m[2m(client)[22m[39m [32mhmr update [39m[2m/src/app/components/Layout.tsx, /src/styles/index.css[22m
[2m10:39:20 am[22m [36m[1m[vite][22m[39m [90m[2m(client)[22m[39m [32mhmr update [39m[2m/src/app/pages/Home.tsx, /src/styles/index.css[22m
[2m10:42:04 am[22m [36m[1m[vite][22m[39m [90m[2m(client)[22m[39m [32mhmr update [39m[2m/src/app/components/Layout.tsx, /src/styles/index.css[22m
[2m10:46:45 am[22m [36m[1m[vite][22m[39m [90m[2m(client)[22m[39m [32mpage reload [39m[2msrc/main.tsx[22m
[2m10:47:11 am[22m [36m[1m[vite][22m[39m [90m[2m(client)[22m[39m [32mhmr update [39m[2m/@fs/C:\Users\revan\Desktop\pov\PromptEngineersClub-main\src\app\components\PillNav.tsx, /src/styles/index.css[22m
[2m10:48:21 am[22m [36m[1m[vite][22m[39m [90m[2m(client)[22m[39m [32mhmr update [39m[2m/src/app/components/Layout.tsx, /src/styles/index.css[22m
[2m10:49:20 am[22m [36m[1m[vite][22m[39m [90m[2m(client)[22m[39m [32mhmr update [39m[2m/src/app/pages/Home.tsx, /src/styles/index.css[22m
[2m10:49:34 am[22m [36m[1m[vite][22m[39m [90m[2m(client)[22m[39m [32mhmr update [39m[2m/src/styles/index.css[22m
[2m10:50:19 am[22m [36m[1m[vite][22m[39m [90m[2m(client)[22m[39m [32mhmr update [39m[2m/src/styles/index.css[22m
[2m10:50:30 am[22m [36m[1m[vite][22m[39m [90m[2m(client)[22m[39m [32mhmr update [39m[2m/src/styles/index.css[22m
[2m10:56:45 am[22m [36m[1m[vite][22m[39m [90m[2m(client)[22m[39m [32mhmr update [39m[2m/src/app/pages/Team.tsx, /src/styles/index.css[22m
[2m10:57:32 am[22m [36m[1m[vite][22m[39m [90m[2m(client)[22m[39m [32mhmr update [39m[2m/src/app/pages/Projects.tsx, /src/styles/index.css[22m
[2m10:58:32 am[22m [36m[1m[vite][22m[39m [90m[2m(client)[22m[39m [32mhmr update [39m[2m/src/app/pages/Plans.tsx, /src/styles/index.css[22m
[2m10:59:21 am[22m [36m[1m[vite][22m[39m [90m[2m(client)[22m[39m [32mhmr update [39m[2m/src/app/pages/Contact.tsx, /src/styles/index.css[22m
[2m11:11:15 am[22m [36m[1m[vite][22m[39m [90m[2m(client)[22m[39m [32mhmr update [39m[2m/src/app/pages/Plans.tsx, /src/styles/index.css[22m
[2m11:18:30 am[22m [36m[1m[vite][22m[39m [90m[2m(client)[22m[39m [32mhmr update [39m[2m/src/app/pages/Plans.tsx, /src/styles/index.css[22m
[2m11:21:48 am[22m [36m[1m[vite][22m[39m [90m[2m(client)[22m[39m [32mhmr update [39m[2m/src/app/pages/Plans.tsx, /src/styles/index.css[22m
[2m11:25:02 am[22m [36m[1m[vite][22m[39m [90m[2m(client)[22m[39m [32mhmr update [39m[2m/src/app/pages/Plans.tsx, /src/styles/index.css[22m
[2m11:29:47 am[22m [36m[1m[vite][22m[39m [90m[2m(client)[22m[39m [32mhmr update [39m[2m/src/app/components/Layout.tsx, /src/styles/index.css[22m
[2m11:31:03 am[22m [36m[1m[vite][22m[39m [90m[2m(client)[22m[39m [32mhmr update [39m[2m/src/app/components/Layout.tsx, /src/styles/index.css[22m
[2m11:32:44 am[22m [36m[1m[vite][22m[39m [90m[2m(client)[22m[39m [32mhmr update [39m[2m/src/app/components/Layout.tsx, /src/styles/index.css[22m
[2m11:33:50 am[22m [36m[1m[vite][22m[39m [90m[2m(client)[22m[39m [32mhmr update [39m[2m/src/app/components/Layout.tsx, /src/styles/index.css[22m
[2m11:46:25 am[22m [36m[1m[vite][22m[39m [90m[2m(client)[22m[39m [32mhmr update [39m[2m/src/app/pages/Plans.tsx, /src/styles/index.css[22m
[2m11:48:35 am[22m [36m[1m[vite][22m[39m [90m[2m(client)[22m[39m [32mhmr update [39m[2m/src/app/pages/Plans.tsx, /src/styles/index.css[22m
